# JRE version: Java(TM) SE Runtime Environment (17.0.11+7) (build 17.0.11+7-LTS-207)
# Java VM: Java HotSpot(TM) 64-Bit Server VM (17.0.11+7-LTS-207, mixed mode, sharing, tiered, compressed oops, compressed class ptrs, g1 gc, windows-amd64)
GC Precious Log:
 CPUs: 12 total, 12 available
 Memory: 16181M
 Large Page Support: Disabled
 NUMA Support: Disabled
 Compressed Oops: Enabled (Zero based)
 Heap Region Size: 2M
 Heap Min Capacity: 8M
 Heap Initial Capacity: 254M
 Heap Max Capacity: 4046M
 Pre-touch: Disabled
 Parallel Workers: 10
 Concurrent Workers: 3
 Concurrent Refinement Workers: 10
 Periodic GC: Disabled
Heap:
 garbage-first heap   total 61440K, used 35436K [0x0000000703200000, 0x0000000800000000)
  region size 2048K, 1 young (2048K), 1 survivors (2048K)
 Metaspace       used 46497K, committed 46784K, reserved 1114112K
  class space    used 5780K, committed 5888K, reserved 1048576K
GC Heap History (20 events):
Event: 0.935 GC heap after
{Heap after GC invocations=1 (full 0):
 garbage-first heap   total 260096K, used 7050K [0x0000000703200000, 0x0000000800000000)
  region size 2048K, 2 young (4096K), 2 survivors (4096K)
 Metaspace       used 6417K, committed 6592K, reserved 1114112K
  class space    used 645K, committed 704K, reserved 1048576K
}
Event: 2.025 GC heap before
{Heap before GC invocations=1 (full 0):
 garbage-first heap   total 260096K, used 39818K [0x0000000703200000, 0x0000000800000000)
  region size 2048K, 19 young (38912K), 2 survivors (4096K)
 Metaspace       used 16215K, committed 16448K, reserved 1114112K
  class space    used 1845K, committed 1920K, reserved 1048576K
}
Event: 2.029 GC heap after
{Heap after GC invocations=2 (full 0):
 garbage-first heap   total 260096K, used 8755K [0x0000000703200000, 0x0000000800000000)
  region size 2048K, 3 young (6144K), 3 survivors (6144K)
 Metaspace       used 16215K, committed 16448K, reserved 1114112K
  class space    used 1845K, committed 1920K, reserved 1048576K
}
Event: 2.861 GC heap before
{Heap before GC invocations=2 (full 0):
 garbage-first heap   total 260096K, used 35379K [0x0000000703200000, 0x0000000800000000)
  region size 2048K, 17 young (34816K), 3 survivors (6144K)
 Metaspace       used 21345K, committed 21504K, reserved 1114112K
  class space    used 2487K, committed 2560K, reserved 1048576K
}
Event: 2.870 GC heap after
{Heap after GC invocations=3 (full 0):
 garbage-first heap   total 260096K, used 14336K [0x0000000703200000, 0x0000000800000000)
  region size 2048K, 5 young (10240K), 5 survivors (10240K)
 Metaspace       used 21345K, committed 21504K, reserved 1114112K
  class space    used 2487K, committed 2560K, reserved 1048576K
}
Event: 4.664 GC heap before
{Heap before GC invocations=4 (full 0):
 garbage-first heap   total 55296K, used 40960K [0x0000000703200000, 0x0000000800000000)
  region size 2048K, 19 young (38912K), 5 survivors (10240K)
 Metaspace       used 27632K, committed 27840K, reserved 1114112K
  class space    used 3596K, committed 3648K, reserved 1048576K
}
Event: 4.674 GC heap after
{Heap after GC invocations=5 (full 0):
 garbage-first heap   total 57344K, used 16987K [0x0000000703200000, 0x0000000800000000)
  region size 2048K, 5 young (10240K), 5 survivors (10240K)
 Metaspace       used 27632K, committed 27840K, reserved 1114112K
  class space    used 3596K, committed 3648K, reserved 1048576K
}
Event: 6.759 GC heap before
{Heap before GC invocations=6 (full 0):
 garbage-first heap   total 57344K, used 37467K [0x0000000703200000, 0x0000000800000000)
  region size 2048K, 16 young (32768K), 5 survivors (10240K)
 Metaspace       used 32952K, committed 33216K, reserved 1114112K
  class space    used 4127K, committed 4288K, reserved 1048576K
}
Event: 6.770 GC heap after
{Heap after GC invocations=7 (full 0):
 garbage-first heap   total 57344K, used 18317K [0x0000000703200000, 0x0000000800000000)
  region size 2048K, 2 young (4096K), 2 survivors (4096K)
 Metaspace       used 32952K, committed 33216K, reserved 1114112K
  class space    used 4127K, committed 4288K, reserved 1048576K
}
Event: 7.849 GC heap before
{Heap before GC invocations=7 (full 0):
 garbage-first heap   total 57344K, used 40845K [0x0000000703200000, 0x0000000800000000)
  region size 2048K, 13 young (26624K), 2 survivors (4096K)
 Metaspace       used 37758K, committed 38016K, reserved 1114112K
  class space    used 4631K, committed 4800K, reserved 1048576K
}
Event: 7.858 GC heap after
{Heap after GC invocations=8 (full 0):
 garbage-first heap   total 57344K, used 20480K [0x0000000703200000, 0x0000000800000000)
  region size 2048K, 1 young (2048K), 1 survivors (2048K)
 Metaspace       used 37758K, committed 38016K, reserved 1114112K
  class space    used 4631K, committed 4800K, reserved 1048576K
}
Event: 9.161 GC heap before
{Heap before GC invocations=8 (full 0):
 garbage-first heap   total 57344K, used 40960K [0x0000000703200000, 0x0000000800000000)
  region size 2048K, 12 young (24576K), 1 survivors (2048K)
 Metaspace       used 44223K, committed 44544K, reserved 1114112K
  class space    used 5489K, committed 5632K, reserved 1048576K
}
Event: 9.170 GC heap after
{Heap after GC invocations=9 (full 0):
 garbage-first heap   total 57344K, used 21780K [0x0000000703200000, 0x0000000800000000)
  region size 2048K, 2 young (4096K), 2 survivors (4096K)
 Metaspace       used 44223K, committed 44544K, reserved 1114112K
  class space    used 5489K, committed 5632K, reserved 1048576K
}
Event: 9.368 GC heap before
{Heap before GC invocations=9 (full 0):
 garbage-first heap   total 57344K, used 40212K [0x0000000703200000, 0x0000000800000000)
  region size 2048K, 12 young (24576K), 2 survivors (4096K)
 Metaspace       used 44391K, committed 44672K, reserved 1114112K
  class space    used 5498K, committed 5632K, reserved 1048576K
}
Event: 9.384 GC heap after
{Heap after GC invocations=10 (full 0):
 garbage-first heap   total 57344K, used 29996K [0x0000000703200000, 0x0000000800000000)
  region size 2048K, 2 young (4096K), 2 survivors (4096K)
 Metaspace       used 44391K, committed 44672K, reserved 1114112K
  class space    used 5498K, committed 5632K, reserved 1048576K
}
Event: 9.710 GC heap before
{Heap before GC invocations=10 (full 0):
 garbage-first heap   total 57344K, used 42284K [0x0000000703200000, 0x0000000800000000)
  region size 2048K, 8 young (16384K), 2 survivors (4096K)
 Metaspace       used 44912K, committed 45120K, reserved 1114112K
  class space    used 5530K, committed 5632K, reserved 1048576K
}
Event: 9.720 GC heap after
{Heap after GC invocations=11 (full 0):
 garbage-first heap   total 57344K, used 33551K [0x0000000703200000, 0x0000000800000000)
  region size 2048K, 1 young (2048K), 1 survivors (2048K)
 Metaspace       used 44912K, committed 45120K, reserved 1114112K
  class space    used 5530K, committed 5632K, reserved 1048576K
}
Event: 10.230 GC heap before
{Heap before GC invocations=12 (full 0):
 garbage-first heap   total 61440K, used 41743K [0x0000000703200000, 0x0000000800000000)
  region size 2048K, 5 young (10240K), 1 survivors (2048K)
 Metaspace       used 45773K, committed 46016K, reserved 1114112K
  class space    used 5659K, committed 5760K, reserved 1048576K
}
Event: 10.238 GC heap after
{Heap after GC invocations=13 (full 0):
 garbage-first heap   total 61440K, used 35510K [0x0000000703200000, 0x0000000800000000)
  region size 2048K, 1 young (2048K), 1 survivors (2048K)
 Metaspace       used 45773K, committed 46016K, reserved 1114112K
  class space    used 5659K, committed 5760K, reserved 1048576K
}
Event: 10.386 GC heap before
{Heap before GC invocations=13 (full 0):
 garbage-first heap   total 61440K, used 37558K [0x0000000703200000, 0x0000000800000000)
  region size 2048K, 2 young (4096K), 1 survivors (2048K)
 Metaspace       used 46497K, committed 46784K, reserved 1114112K
  class space    used 5780K, committed 5888K, reserved 1048576K
}

