# JRE version: Java(TM) SE Runtime Environment (17.0.11+7) (build 17.0.11+7-LTS-207)
# Java VM: Java HotSpot(TM) 64-Bit Server VM (17.0.11+7-LTS-207, mixed mode, sharing, tiered, compressed oops, compressed class ptrs, g1 gc, windows-amd64)
GC Precious Log:
 CPUs: 12 total, 12 available
 Memory: 16181M
 Large Page Support: Disabled
 NUMA Support: Disabled
 Compressed Oops: Enabled (Zero based)
 Heap Region Size: 2M
 Heap Min Capacity: 8M
 Heap Initial Capacity: 254M
 Heap Max Capacity: 4G
 Pre-touch: Disabled
 Parallel Workers: 10
 Concurrent Workers: 3
 Concurrent Refinement Workers: 10
 Periodic GC: Disabled
Heap:
 garbage-first heap   total 403456K, used 276217K [0x0000000700000000, 0x0000000800000000)
  region size 2048K, 16 young (32768K), 2 survivors (4096K)
 Metaspace       used 99812K, committed 101248K, reserved 1179648K
  class space    used 14044K, committed 14656K, reserved 1048576K
GC Heap History (20 events):
Event: 24.745 GC heap before
{Heap before GC invocations=52 (full 0):
 garbage-first heap   total 249856K, used 152236K [0x0000000700000000, 0x0000000800000000)
  region size 2048K, 6 young (12288K), 3 survivors (6144K)
 Metaspace       used 90711K, committed 91584K, reserved 1179648K
  class space    used 12800K, committed 13184K, reserved 1048576K
}
Event: 24.749 GC heap after
{Heap after GC invocations=53 (full 0):
 garbage-first heap   total 249856K, used 143286K [0x0000000700000000, 0x0000000800000000)
  region size 2048K, 1 young (2048K), 1 survivors (2048K)
 Metaspace       used 90711K, committed 91584K, reserved 1179648K
  class space    used 12800K, committed 13184K, reserved 1048576K
}
Event: 25.394 GC heap before
{Heap before GC invocations=53 (full 0):
 garbage-first heap   total 249856K, used 200630K [0x0000000700000000, 0x0000000800000000)
  region size 2048K, 29 young (59392K), 1 survivors (2048K)
 Metaspace       used 93584K, committed 94464K, reserved 1179648K
  class space    used 13157K, committed 13568K, reserved 1048576K
}
Event: 25.396 GC heap after
{Heap after GC invocations=54 (full 0):
 garbage-first heap   total 249856K, used 145840K [0x0000000700000000, 0x0000000800000000)
  region size 2048K, 2 young (4096K), 2 survivors (4096K)
 Metaspace       used 93584K, committed 94464K, reserved 1179648K
  class space    used 13157K, committed 13568K, reserved 1048576K
}
Event: 26.040 GC heap before
{Heap before GC invocations=54 (full 0):
 garbage-first heap   total 249856K, used 203184K [0x0000000700000000, 0x0000000800000000)
  region size 2048K, 30 young (61440K), 2 survivors (4096K)
 Metaspace       used 95343K, committed 96320K, reserved 1179648K
  class space    used 13411K, committed 13888K, reserved 1048576K
}
Event: 26.045 GC heap after
{Heap after GC invocations=55 (full 0):
 garbage-first heap   total 249856K, used 153762K [0x0000000700000000, 0x0000000800000000)
  region size 2048K, 4 young (8192K), 4 survivors (8192K)
 Metaspace       used 95343K, committed 96320K, reserved 1179648K
  class space    used 13411K, committed 13888K, reserved 1048576K
}
Event: 26.543 GC heap before
{Heap before GC invocations=55 (full 0):
 garbage-first heap   total 249856K, used 202914K [0x0000000700000000, 0x0000000800000000)
  region size 2048K, 29 young (59392K), 4 survivors (8192K)
 Metaspace       used 96730K, committed 97664K, reserved 1179648K
  class space    used 13642K, committed 14080K, reserved 1048576K
}
Event: 26.549 GC heap after
{Heap after GC invocations=56 (full 0):
 garbage-first heap   total 249856K, used 169906K [0x0000000700000000, 0x0000000800000000)
  region size 2048K, 4 young (8192K), 4 survivors (8192K)
 Metaspace       used 96730K, committed 97664K, reserved 1179648K
  class space    used 13642K, committed 14080K, reserved 1048576K
}
Event: 26.874 GC heap before
{Heap before GC invocations=57 (full 0):
 garbage-first heap   total 305152K, used 206770K [0x0000000700000000, 0x0000000800000000)
  region size 2048K, 20 young (40960K), 4 survivors (8192K)
 Metaspace       used 96994K, committed 97984K, reserved 1179648K
  class space    used 13674K, committed 14144K, reserved 1048576K
}
Event: 26.880 GC heap after
{Heap after GC invocations=58 (full 0):
 garbage-first heap   total 305152K, used 186096K [0x0000000700000000, 0x0000000800000000)
  region size 2048K, 3 young (6144K), 3 survivors (6144K)
 Metaspace       used 96994K, committed 97984K, reserved 1179648K
  class space    used 13674K, committed 14144K, reserved 1048576K
}
Event: 27.014 GC heap before
{Heap before GC invocations=58 (full 0):
 garbage-first heap   total 305152K, used 194288K [0x0000000700000000, 0x0000000800000000)
  region size 2048K, 7 young (14336K), 3 survivors (6144K)
 Metaspace       used 97185K, committed 98240K, reserved 1179648K
  class space    used 13695K, committed 14144K, reserved 1048576K
}
Event: 27.018 GC heap after
{Heap after GC invocations=59 (full 0):
 garbage-first heap   total 372736K, used 187071K [0x0000000700000000, 0x0000000800000000)
  region size 2048K, 1 young (2048K), 1 survivors (2048K)
 Metaspace       used 97185K, committed 98240K, reserved 1179648K
  class space    used 13695K, committed 14144K, reserved 1048576K
}
Event: 27.933 GC heap before
{Heap before GC invocations=59 (full 0):
 garbage-first heap   total 372736K, used 293567K [0x0000000700000000, 0x0000000800000000)
  region size 2048K, 51 young (104448K), 1 survivors (2048K)
 Metaspace       used 98853K, committed 100096K, reserved 1179648K
  class space    used 13903K, committed 14464K, reserved 1048576K
}
Event: 27.942 GC heap after
{Heap after GC invocations=60 (full 0):
 garbage-first heap   total 372736K, used 215217K [0x0000000700000000, 0x0000000800000000)
  region size 2048K, 7 young (14336K), 7 survivors (14336K)
 Metaspace       used 98853K, committed 100096K, reserved 1179648K
  class space    used 13903K, committed 14464K, reserved 1048576K
}
Event: 28.399 GC heap before
{Heap before GC invocations=60 (full 0):
 garbage-first heap   total 372736K, used 264369K [0x0000000700000000, 0x0000000800000000)
  region size 2048K, 33 young (67584K), 7 survivors (14336K)
 Metaspace       used 99159K, committed 100416K, reserved 1179648K
  class space    used 13950K, committed 14528K, reserved 1048576K
}
Event: 28.408 GC heap after
{Heap after GC invocations=61 (full 0):
 garbage-first heap   total 372736K, used 231877K [0x0000000700000000, 0x0000000800000000)
  region size 2048K, 6 young (12288K), 6 survivors (12288K)
 Metaspace       used 99159K, committed 100416K, reserved 1179648K
  class space    used 13950K, committed 14528K, reserved 1048576K
}
Event: 28.912 GC heap before
{Heap before GC invocations=62 (full 0):
 garbage-first heap   total 403456K, used 293317K [0x0000000700000000, 0x0000000800000000)
  region size 2048K, 34 young (69632K), 6 survivors (12288K)
 Metaspace       used 99543K, committed 100864K, reserved 1179648K
  class space    used 14002K, committed 14592K, reserved 1048576K
}
Event: 28.921 GC heap after
{Heap after GC invocations=63 (full 0):
 garbage-first heap   total 403456K, used 250387K [0x0000000700000000, 0x0000000800000000)
  region size 2048K, 5 young (10240K), 5 survivors (10240K)
 Metaspace       used 99543K, committed 100864K, reserved 1179648K
  class space    used 14002K, committed 14592K, reserved 1048576K
}
Event: 29.015 GC heap before
{Heap before GC invocations=63 (full 0):
 garbage-first heap   total 403456K, used 258579K [0x0000000700000000, 0x0000000800000000)
  region size 2048K, 9 young (18432K), 5 survivors (10240K)
 Metaspace       used 99653K, committed 100992K, reserved 1179648K
  class space    used 14023K, committed 14592K, reserved 1048576K
}
Event: 29.024 GC heap after
{Heap after GC invocations=64 (full 0):
 garbage-first heap   total 403456K, used 249593K [0x0000000700000000, 0x0000000800000000)
  region size 2048K, 2 young (4096K), 2 survivors (4096K)
 Metaspace       used 99653K, committed 100992K, reserved 1179648K
  class space    used 14023K, committed 14592K, reserved 1048576K
}

